25-Jan-2021 10:02:15.078 INFORMACIÓN [main] org.apache.catalina.startup.VersionLoggerListener.log Nombre de la versión del servidor: Apache Tomcat/9.0.41
25-Jan-2021 10:02:15.080 INFORMACIÓN [main] org.apache.catalina.startup.VersionLoggerListener.log Server built:                      Dec 3 2020 11:43:00 UTC
25-Jan-2021 10:02:15.080 INFORMACIÓN [main] org.apache.catalina.startup.VersionLoggerListener.log Número de versión de servidor:     9.0.41.0
25-Jan-2021 10:02:15.080 INFORMACIÓN [main] org.apache.catalina.startup.VersionLoggerListener.log OS Name:                           Windows 10
25-Jan-2021 10:02:15.081 INFORMACIÓN [main] org.apache.catalina.startup.VersionLoggerListener.log Versión de Systema Operativo:      10.0
25-Jan-2021 10:02:15.081 INFORMACIÓN [main] org.apache.catalina.startup.VersionLoggerListener.log Arquitectura:                      amd64
25-Jan-2021 10:02:15.081 INFORMACIÓN [main] org.apache.catalina.startup.VersionLoggerListener.log Java Home:                         C:\Program Files\Java\jdk1.8.0_231\jre
25-Jan-2021 10:02:15.081 INFORMACIÓN [main] org.apache.catalina.startup.VersionLoggerListener.log JVM Version:                       1.8.0_231-b11
25-Jan-2021 10:02:15.081 INFORMACIÓN [main] org.apache.catalina.startup.VersionLoggerListener.log Vededor JVM:                       Oracle Corporation
25-Jan-2021 10:02:15.081 INFORMACIÓN [main] org.apache.catalina.startup.VersionLoggerListener.log CATALINA_BASE:                     D:\Usuarios\alvar\Documents\GitHub\Ingenieros_al_Peso\IngenierosAlPeso\apache-tomcat-9.0.41
25-Jan-2021 10:02:15.081 INFORMACIÓN [main] org.apache.catalina.startup.VersionLoggerListener.log CATALINA_HOME:                     D:\Usuarios\alvar\Documents\GitHub\Ingenieros_al_Peso\IngenierosAlPeso\apache-tomcat-9.0.41
25-Jan-2021 10:02:15.082 INFORMACIÓN [main] org.apache.catalina.startup.VersionLoggerListener.log Command line argument:             -Djava.util.logging.config.file=D:\Usuarios\alvar\Documents\GitHub\Ingenieros_al_Peso\IngenierosAlPeso\apache-tomcat-9.0.41\conf\logging.properties
25-Jan-2021 10:02:15.083 INFORMACIÓN [main] org.apache.catalina.startup.VersionLoggerListener.log Command line argument:             -Djava.util.logging.manager=org.apache.juli.ClassLoaderLogManager
25-Jan-2021 10:02:15.083 INFORMACIÓN [main] org.apache.catalina.startup.VersionLoggerListener.log Command line argument:             -Dhttp.nonProxyHosts=localhost|127.0.0.1|Hades
25-Jan-2021 10:02:15.083 INFORMACIÓN [main] org.apache.catalina.startup.VersionLoggerListener.log Command line argument:             -Djdk.tls.ephemeralDHKeySize=2048
25-Jan-2021 10:02:15.083 INFORMACIÓN [main] org.apache.catalina.startup.VersionLoggerListener.log Command line argument:             -Djava.protocol.handler.pkgs=org.apache.catalina.webresources
25-Jan-2021 10:02:15.083 INFORMACIÓN [main] org.apache.catalina.startup.VersionLoggerListener.log Command line argument:             -Dignore.endorsed.dirs=
25-Jan-2021 10:02:15.083 INFORMACIÓN [main] org.apache.catalina.startup.VersionLoggerListener.log Command line argument:             -Dcatalina.base=D:\Usuarios\alvar\Documents\GitHub\Ingenieros_al_Peso\IngenierosAlPeso\apache-tomcat-9.0.41
25-Jan-2021 10:02:15.083 INFORMACIÓN [main] org.apache.catalina.startup.VersionLoggerListener.log Command line argument:             -Dcatalina.home=D:\Usuarios\alvar\Documents\GitHub\Ingenieros_al_Peso\IngenierosAlPeso\apache-tomcat-9.0.41
25-Jan-2021 10:02:15.083 INFORMACIÓN [main] org.apache.catalina.startup.VersionLoggerListener.log Command line argument:             -Djava.io.tmpdir=D:\Usuarios\alvar\Documents\GitHub\Ingenieros_al_Peso\IngenierosAlPeso\apache-tomcat-9.0.41\temp
25-Jan-2021 10:02:15.094 INFORMACIÓN [main] org.apache.catalina.core.AprLifecycleListener.lifecycleEvent Cargada la biblioteca nativa APR de Apache Tomcat [1.2.25] con la versión APR [1.7.0].
25-Jan-2021 10:02:15.094 INFORMACIÓN [main] org.apache.catalina.core.AprLifecycleListener.lifecycleEvent Capacidades APR: IPv6 [true], enviar fichero [true], aceptar filtros [false], aleatorio [true].
25-Jan-2021 10:02:15.094 INFORMACIÓN [main] org.apache.catalina.core.AprLifecycleListener.lifecycleEvent APR/OpenSSL configuration: useAprConnector [false], useOpenSSL [true]
25-Jan-2021 10:02:15.099 INFORMACIÓN [main] org.apache.catalina.core.AprLifecycleListener.initializeSSL OpenSSL inicializado correctamente [OpenSSL 1.1.1g  21 Apr 2020]
25-Jan-2021 10:02:15.367 INFORMACIÓN [main] org.apache.coyote.AbstractProtocol.init Inicializando el manejador de protocolo ["http-nio-8084"]

25-Jan-2021 10:02:15.737 INFORMACIÓN [main] org.apache.catalina.startup.Catalina.load Server initialization in [817] milliseconds
25-Jan-2021 10:02:15.764 INFORMACIÓN [main] org.apache.catalina.core.StandardService.startInternal Arrancando servicio [Catalina]
25-Jan-2021 10:02:15.764 INFORMACIÓN [main] org.apache.catalina.core.StandardEngine.startInternal Starting Servlet engine: [Apache Tomcat/9.0.41]
25-Jan-2021 10:02:15.774 INFORMACIÓN [main] org.apache.catalina.startup.HostConfig.deployDirectory Desplegando el directorio [D:\Usuarios\alvar\Documents\GitHub\Ingenieros_al_Peso\IngenierosAlPeso\apache-tomcat-9.0.41\webapps\docs] de la aplicación web
25-Jan-2021 10:02:15.981 INFORMACIÓN [main] org.apache.catalina.startup.HostConfig.deployDirectory Deployment of web application directory [D:\Usuarios\alvar\Documents\GitHub\Ingenieros_al_Peso\IngenierosAlPeso\apache-tomcat-9.0.41\webapps\docs] has finished in [207] ms
25-Jan-2021 10:02:15.981 INFORMACIÓN [main] org.apache.catalina.startup.HostConfig.deployDirectory Desplegando el directorio [D:\Usuarios\alvar\Documents\GitHub\Ingenieros_al_Peso\IngenierosAlPeso\apache-tomcat-9.0.41\webapps\examples] de la aplicación web
25-Jan-2021 10:02:16.473 INFORMACIÓN [main] org.apache.catalina.startup.HostConfig.deployDirectory Deployment of web application directory [D:\Usuarios\alvar\Documents\GitHub\Ingenieros_al_Peso\IngenierosAlPeso\apache-tomcat-9.0.41\webapps\examples] has finished in [491] ms
25-Jan-2021 10:02:16.473 INFORMACIÓN [main] org.apache.catalina.startup.HostConfig.deployDirectory Desplegando el directorio [D:\Usuarios\alvar\Documents\GitHub\Ingenieros_al_Peso\IngenierosAlPeso\apache-tomcat-9.0.41\webapps\host-manager] de la aplicación web
25-Jan-2021 10:02:16.514 INFORMACIÓN [main] org.apache.catalina.startup.HostConfig.deployDirectory Deployment of web application directory [D:\Usuarios\alvar\Documents\GitHub\Ingenieros_al_Peso\IngenierosAlPeso\apache-tomcat-9.0.41\webapps\host-manager] has finished in [41] ms
25-Jan-2021 10:02:16.514 INFORMACIÓN [main] org.apache.catalina.startup.HostConfig.deployDirectory Desplegando el directorio [D:\Usuarios\alvar\Documents\GitHub\Ingenieros_al_Peso\IngenierosAlPeso\apache-tomcat-9.0.41\webapps\manager] de la aplicación web
25-Jan-2021 10:02:16.553 INFORMACIÓN [main] org.apache.catalina.startup.HostConfig.deployDirectory Deployment of web application directory [D:\Usuarios\alvar\Documents\GitHub\Ingenieros_al_Peso\IngenierosAlPeso\apache-tomcat-9.0.41\webapps\manager] has finished in [39] ms
25-Jan-2021 10:02:16.553 INFORMACIÓN [main] org.apache.catalina.startup.HostConfig.deployDirectory Desplegando el directorio [D:\Usuarios\alvar\Documents\GitHub\Ingenieros_al_Peso\IngenierosAlPeso\apache-tomcat-9.0.41\webapps\ROOT] de la aplicación web
25-Jan-2021 10:02:16.583 INFORMACIÓN [main] org.apache.catalina.startup.HostConfig.deployDirectory Deployment of web application directory [D:\Usuarios\alvar\Documents\GitHub\Ingenieros_al_Peso\IngenierosAlPeso\apache-tomcat-9.0.41\webapps\ROOT] has finished in [30] ms
25-Jan-2021 10:02:16.586 INFORMACIÓN [main] org.apache.coyote.AbstractProtocol.start Starting ProtocolHandler ["http-nio-8084"]
25-Jan-2021 10:02:16.594 INFORMACIÓN [main] org.apache.catalina.startup.Catalina.start Server startup in [856] milliseconds
25-Jan-2021 10:02:27.082 INFORMACIÓN [http-nio-8084-exec-7] org.apache.catalina.startup.HostConfig.undeploy Repliegue (undeploy) de la aplicación web que tiene como trayectoria de contexto []
25-Jan-2021 10:02:27.405 INFORMACIÓN [http-nio-8084-exec-9] org.apache.catalina.startup.HostConfig.deployDescriptor Desplieque del descriptor de configuración [D:\Usuarios\alvar\Documents\GitHub\Ingenieros_al_Peso\IngenierosAlPeso\apache-tomcat-9.0.41\conf\Catalina\localhost\ROOT.xml]
25-Jan-2021 10:02:27.406 ADVERTENCIA [http-nio-8084-exec-9] org.apache.catalina.startup.HostConfig.deployDescriptor The path attribute with value [] in deployment descriptor [D:\Usuarios\alvar\Documents\GitHub\Ingenieros_al_Peso\IngenierosAlPeso\apache-tomcat-9.0.41\conf\Catalina\localhost\ROOT.xml] has been ignored
25-Jan-2021 10:02:28.594 INFORMACIÓN [http-nio-8084-exec-9] org.apache.jasper.servlet.TldScanner.scanJars Al menos un JAR, que se ha explorado buscando TLDs, aún no contenía TLDs. Activar historial de depuración para este historiador para una completa lista de los JARs que fueron explorados y de los que nos se halló TLDs. Saltarse JARs no necesarios durante la exploración puede dar lugar a una mejora de tiempo significativa en el arranque y compilación de JSP .
25-Jan-2021 10:02:28.612 INFORMACIÓN [http-nio-8084-exec-9] org.apache.catalina.startup.HostConfig.deployDescriptor Deployment of deployment descriptor [D:\Usuarios\alvar\Documents\GitHub\Ingenieros_al_Peso\IngenierosAlPeso\apache-tomcat-9.0.41\conf\Catalina\localhost\ROOT.xml] has finished in [1.207] ms
25-Jan-2021 10:02:28.617 INFORMACIÓN [http-nio-8084-exec-2] org.apache.catalina.util.LifecycleBase.start The start() method was called on component [StandardEngine[Catalina].StandardHost[localhost].StandardContext[]] after start() had already been called. The second call will be ignored.
25-Jan-2021 10:03:07.142 INFORMACIÓN [http-nio-8084-exec-17] org.apache.catalina.startup.HostConfig.undeploy Repliegue (undeploy) de la aplicación web que tiene como trayectoria de contexto []
25-Jan-2021 10:03:07.159 INFORMACIÓN [http-nio-8084-exec-3] org.apache.catalina.startup.HostConfig.deployDescriptor Desplieque del descriptor de configuración [D:\Usuarios\alvar\Documents\GitHub\Ingenieros_al_Peso\IngenierosAlPeso\apache-tomcat-9.0.41\conf\Catalina\localhost\ROOT.xml]
25-Jan-2021 10:03:07.160 ADVERTENCIA [http-nio-8084-exec-3] org.apache.catalina.startup.HostConfig.deployDescriptor The path attribute with value [] in deployment descriptor [D:\Usuarios\alvar\Documents\GitHub\Ingenieros_al_Peso\IngenierosAlPeso\apache-tomcat-9.0.41\conf\Catalina\localhost\ROOT.xml] has been ignored
25-Jan-2021 10:03:08.073 INFORMACIÓN [http-nio-8084-exec-3] org.apache.jasper.servlet.TldScanner.scanJars Al menos un JAR, que se ha explorado buscando TLDs, aún no contenía TLDs. Activar historial de depuración para este historiador para una completa lista de los JARs que fueron explorados y de los que nos se halló TLDs. Saltarse JARs no necesarios durante la exploración puede dar lugar a una mejora de tiempo significativa en el arranque y compilación de JSP .
25-Jan-2021 10:03:08.086 INFORMACIÓN [http-nio-8084-exec-3] org.apache.catalina.startup.HostConfig.deployDescriptor Deployment of deployment descriptor [D:\Usuarios\alvar\Documents\GitHub\Ingenieros_al_Peso\IngenierosAlPeso\apache-tomcat-9.0.41\conf\Catalina\localhost\ROOT.xml] has finished in [927] ms
25-Jan-2021 10:03:08.903 INFORMACIÓN [http-nio-8084-exec-13] org.apache.catalina.startup.HostConfig.undeploy Repliegue (undeploy) de la aplicación web que tiene como trayectoria de contexto []
25-Jan-2021 10:03:08.946 INFORMACIÓN [http-nio-8084-exec-10] org.apache.catalina.startup.HostConfig.deployDescriptor Desplieque del descriptor de configuración [D:\Usuarios\alvar\Documents\GitHub\Ingenieros_al_Peso\IngenierosAlPeso\apache-tomcat-9.0.41\conf\Catalina\localhost\ROOT.xml]
25-Jan-2021 10:03:08.947 ADVERTENCIA [http-nio-8084-exec-10] org.apache.catalina.startup.HostConfig.deployDescriptor The path attribute with value [] in deployment descriptor [D:\Usuarios\alvar\Documents\GitHub\Ingenieros_al_Peso\IngenierosAlPeso\apache-tomcat-9.0.41\conf\Catalina\localhost\ROOT.xml] has been ignored
25-Jan-2021 10:03:09.864 INFORMACIÓN [http-nio-8084-exec-10] org.apache.jasper.servlet.TldScanner.scanJars Al menos un JAR, que se ha explorado buscando TLDs, aún no contenía TLDs. Activar historial de depuración para este historiador para una completa lista de los JARs que fueron explorados y de los que nos se halló TLDs. Saltarse JARs no necesarios durante la exploración puede dar lugar a una mejora de tiempo significativa en el arranque y compilación de JSP .
25-Jan-2021 10:03:09.878 INFORMACIÓN [http-nio-8084-exec-10] org.apache.catalina.startup.HostConfig.deployDescriptor Deployment of deployment descriptor [D:\Usuarios\alvar\Documents\GitHub\Ingenieros_al_Peso\IngenierosAlPeso\apache-tomcat-9.0.41\conf\Catalina\localhost\ROOT.xml] has finished in [931] ms
25-Jan-2021 10:03:09.881 INFORMACIÓN [http-nio-8084-exec-12] org.apache.catalina.util.LifecycleBase.start The start() method was called on component [StandardEngine[Catalina].StandardHost[localhost].StandardContext[]] after start() had already been called. The second call will be ignored.
25-Jan-2021 10:03:52.943 INFORMACIÓN [http-nio-8084-exec-11] org.apache.catalina.startup.HostConfig.undeploy Repliegue (undeploy) de la aplicación web que tiene como trayectoria de contexto []
25-Jan-2021 10:03:52.974 INFORMACIÓN [http-nio-8084-exec-12] org.apache.catalina.startup.HostConfig.deployDescriptor Desplieque del descriptor de configuración [D:\Usuarios\alvar\Documents\GitHub\Ingenieros_al_Peso\IngenierosAlPeso\apache-tomcat-9.0.41\conf\Catalina\localhost\ROOT.xml]
25-Jan-2021 10:03:52.975 ADVERTENCIA [http-nio-8084-exec-12] org.apache.catalina.startup.HostConfig.deployDescriptor The path attribute with value [] in deployment descriptor [D:\Usuarios\alvar\Documents\GitHub\Ingenieros_al_Peso\IngenierosAlPeso\apache-tomcat-9.0.41\conf\Catalina\localhost\ROOT.xml] has been ignored
25-Jan-2021 10:03:53.810 INFORMACIÓN [http-nio-8084-exec-12] org.apache.jasper.servlet.TldScanner.scanJars Al menos un JAR, que se ha explorado buscando TLDs, aún no contenía TLDs. Activar historial de depuración para este historiador para una completa lista de los JARs que fueron explorados y de los que nos se halló TLDs. Saltarse JARs no necesarios durante la exploración puede dar lugar a una mejora de tiempo significativa en el arranque y compilación de JSP .
25-Jan-2021 10:03:53.840 INFORMACIÓN [http-nio-8084-exec-12] org.apache.catalina.startup.HostConfig.deployDescriptor Deployment of deployment descriptor [D:\Usuarios\alvar\Documents\GitHub\Ingenieros_al_Peso\IngenierosAlPeso\apache-tomcat-9.0.41\conf\Catalina\localhost\ROOT.xml] has finished in [866] ms
25-Jan-2021 10:03:53.843 INFORMACIÓN [http-nio-8084-exec-20] org.apache.catalina.util.LifecycleBase.start The start() method was called on component [StandardEngine[Catalina].StandardHost[localhost].StandardContext[]] after start() had already been called. The second call will be ignored.
25-Jan-2021 10:04:07.872 INFORMACIÓN [http-nio-8084-exec-1] org.apache.catalina.startup.HostConfig.undeploy Repliegue (undeploy) de la aplicación web que tiene como trayectoria de contexto []
25-Jan-2021 10:04:07.903 INFORMACIÓN [http-nio-8084-exec-16] org.apache.catalina.startup.HostConfig.deployDescriptor Desplieque del descriptor de configuración [D:\Usuarios\alvar\Documents\GitHub\Ingenieros_al_Peso\IngenierosAlPeso\apache-tomcat-9.0.41\conf\Catalina\localhost\ROOT.xml]
25-Jan-2021 10:04:07.903 ADVERTENCIA [http-nio-8084-exec-16] org.apache.catalina.startup.HostConfig.deployDescriptor The path attribute with value [] in deployment descriptor [D:\Usuarios\alvar\Documents\GitHub\Ingenieros_al_Peso\IngenierosAlPeso\apache-tomcat-9.0.41\conf\Catalina\localhost\ROOT.xml] has been ignored
25-Jan-2021 10:04:08.722 INFORMACIÓN [http-nio-8084-exec-16] org.apache.jasper.servlet.TldScanner.scanJars Al menos un JAR, que se ha explorado buscando TLDs, aún no contenía TLDs. Activar historial de depuración para este historiador para una completa lista de los JARs que fueron explorados y de los que nos se halló TLDs. Saltarse JARs no necesarios durante la exploración puede dar lugar a una mejora de tiempo significativa en el arranque y compilación de JSP .
25-Jan-2021 10:04:08.734 INFORMACIÓN [http-nio-8084-exec-16] org.apache.catalina.startup.HostConfig.deployDescriptor Deployment of deployment descriptor [D:\Usuarios\alvar\Documents\GitHub\Ingenieros_al_Peso\IngenierosAlPeso\apache-tomcat-9.0.41\conf\Catalina\localhost\ROOT.xml] has finished in [831] ms
25-Jan-2021 10:04:08.737 INFORMACIÓN [http-nio-8084-exec-11] org.apache.catalina.util.LifecycleBase.start The start() method was called on component [StandardEngine[Catalina].StandardHost[localhost].StandardContext[]] after start() had already been called. The second call will be ignored.
25-Jan-2021 10:08:57.352 INFORMACIÓN [http-nio-8084-exec-22] org.apache.catalina.startup.HostConfig.undeploy Repliegue (undeploy) de la aplicación web que tiene como trayectoria de contexto []
25-Jan-2021 10:10:28.974 INFORMACIÓN [http-nio-8084-exec-19] org.apache.catalina.startup.HostConfig.deployDescriptor Desplieque del descriptor de configuración [D:\Usuarios\alvar\Documents\GitHub\Ingenieros_al_Peso\IngenierosAlPeso\apache-tomcat-9.0.41\conf\Catalina\localhost\ROOT.xml]
25-Jan-2021 10:10:28.975 ADVERTENCIA [http-nio-8084-exec-19] org.apache.catalina.startup.HostConfig.deployDescriptor The path attribute with value [] in deployment descriptor [D:\Usuarios\alvar\Documents\GitHub\Ingenieros_al_Peso\IngenierosAlPeso\apache-tomcat-9.0.41\conf\Catalina\localhost\ROOT.xml] has been ignored
25-Jan-2021 10:10:29.818 INFORMACIÓN [http-nio-8084-exec-19] org.apache.jasper.servlet.TldScanner.scanJars Al menos un JAR, que se ha explorado buscando TLDs, aún no contenía TLDs. Activar historial de depuración para este historiador para una completa lista de los JARs que fueron explorados y de los que nos se halló TLDs. Saltarse JARs no necesarios durante la exploración puede dar lugar a una mejora de tiempo significativa en el arranque y compilación de JSP .
25-Jan-2021 10:10:29.831 INFORMACIÓN [http-nio-8084-exec-19] org.apache.catalina.startup.HostConfig.deployDescriptor Deployment of deployment descriptor [D:\Usuarios\alvar\Documents\GitHub\Ingenieros_al_Peso\IngenierosAlPeso\apache-tomcat-9.0.41\conf\Catalina\localhost\ROOT.xml] has finished in [857] ms
25-Jan-2021 10:10:29.834 INFORMACIÓN [http-nio-8084-exec-28] org.apache.catalina.util.LifecycleBase.start The start() method was called on component [StandardEngine[Catalina].StandardHost[localhost].StandardContext[]] after start() had already been called. The second call will be ignored.
25-Jan-2021 10:33:05.772 ADVERTENCIA [http-nio-8084-exec-34] org.apache.catalina.loader.WebappClassLoaderBase.clearReferencesJdbc La aplicación web [ROOT] registró el conductor JDBC [com.mysql.cj.jdbc.Driver] pero falló al anular el registro mientras la aplicación web estaba parada. Para prevenir un fallo de memoria, se ha anulado el registro del conductor JDBC por la fuerza.
25-Jan-2021 10:33:05.773 ADVERTENCIA [http-nio-8084-exec-34] org.apache.catalina.loader.WebappClassLoaderBase.clearReferencesThreads The web application [ROOT] appears to have started a thread named [mysql-cj-abandoned-connection-cleanup] but has failed to stop it. This is very likely to create a memory leak. Stack trace of thread:
 java.lang.Object.wait(Native Method)
 java.lang.ref.ReferenceQueue.remove(ReferenceQueue.java:144)
 com.mysql.cj.jdbc.AbandonedConnectionCleanupThread.run(AbandonedConnectionCleanupThread.java:91)
 java.util.concurrent.ThreadPoolExecutor.runWorker(ThreadPoolExecutor.java:1149)
 java.util.concurrent.ThreadPoolExecutor$Worker.run(ThreadPoolExecutor.java:624)
 java.lang.Thread.run(Thread.java:748)
25-Jan-2021 10:33:06.276 INFORMACIÓN [http-nio-8084-exec-34] org.apache.catalina.startup.HostConfig.undeploy Repliegue (undeploy) de la aplicación web que tiene como trayectoria de contexto []
25-Jan-2021 10:33:06.317 INFORMACIÓN [http-nio-8084-exec-39] org.apache.catalina.startup.HostConfig.deployDescriptor Desplieque del descriptor de configuración [D:\Usuarios\alvar\Documents\GitHub\Ingenieros_al_Peso\IngenierosAlPeso\apache-tomcat-9.0.41\conf\Catalina\localhost\ROOT.xml]
25-Jan-2021 10:33:06.319 ADVERTENCIA [http-nio-8084-exec-39] org.apache.catalina.startup.HostConfig.deployDescriptor The path attribute with value [] in deployment descriptor [D:\Usuarios\alvar\Documents\GitHub\Ingenieros_al_Peso\IngenierosAlPeso\apache-tomcat-9.0.41\conf\Catalina\localhost\ROOT.xml] has been ignored
25-Jan-2021 10:33:07.179 INFORMACIÓN [http-nio-8084-exec-39] org.apache.jasper.servlet.TldScanner.scanJars Al menos un JAR, que se ha explorado buscando TLDs, aún no contenía TLDs. Activar historial de depuración para este historiador para una completa lista de los JARs que fueron explorados y de los que nos se halló TLDs. Saltarse JARs no necesarios durante la exploración puede dar lugar a una mejora de tiempo significativa en el arranque y compilación de JSP .
25-Jan-2021 10:33:07.193 INFORMACIÓN [http-nio-8084-exec-39] org.apache.catalina.startup.HostConfig.deployDescriptor Deployment of deployment descriptor [D:\Usuarios\alvar\Documents\GitHub\Ingenieros_al_Peso\IngenierosAlPeso\apache-tomcat-9.0.41\conf\Catalina\localhost\ROOT.xml] has finished in [875] ms
25-Jan-2021 10:33:07.196 INFORMACIÓN [http-nio-8084-exec-33] org.apache.catalina.util.LifecycleBase.start The start() method was called on component [StandardEngine[Catalina].StandardHost[localhost].StandardContext[]] after start() had already been called. The second call will be ignored.
25-Jan-2021 10:33:10.775 INFORMACIÓN [mysql-cj-abandoned-connection-cleanup] org.apache.catalina.loader.WebappClassLoaderBase.checkStateForResourceLoading Acceso ilegal: esta instancia de aplicación web ya ha sido parada.  Could not load [].  La eventual traza de pila que sigue ha sido motivada por un error lanzado con motivos de depuración así como para intentar terminar el hilo que motivó el acceso ilegal y no tiene impacto funcional.
	java.lang.IllegalStateException: Acceso ilegal: esta instancia de aplicación web ya ha sido parada.  Could not load [].  La eventual traza de pila que sigue ha sido motivada por un error lanzado con motivos de depuración así como para intentar terminar el hilo que motivó el acceso ilegal y no tiene impacto funcional.
		at org.apache.catalina.loader.WebappClassLoaderBase.checkStateForResourceLoading(WebappClassLoaderBase.java:1385)
		at org.apache.catalina.loader.WebappClassLoaderBase.getResource(WebappClassLoaderBase.java:1038)
		at com.mysql.cj.jdbc.AbandonedConnectionCleanupThread.checkThreadContextClassLoader(AbandonedConnectionCleanupThread.java:123)
		at com.mysql.cj.jdbc.AbandonedConnectionCleanupThread.run(AbandonedConnectionCleanupThread.java:90)
		at java.util.concurrent.ThreadPoolExecutor.runWorker(ThreadPoolExecutor.java:1149)
		at java.util.concurrent.ThreadPoolExecutor$Worker.run(ThreadPoolExecutor.java:624)
		at java.lang.Thread.run(Thread.java:748)
25-Jan-2021 11:15:38.091 ADVERTENCIA [http-nio-8084-exec-49] org.apache.catalina.loader.WebappClassLoaderBase.clearReferencesJdbc La aplicación web [ROOT] registró el conductor JDBC [com.mysql.cj.jdbc.Driver] pero falló al anular el registro mientras la aplicación web estaba parada. Para prevenir un fallo de memoria, se ha anulado el registro del conductor JDBC por la fuerza.
25-Jan-2021 11:15:38.092 ADVERTENCIA [http-nio-8084-exec-49] org.apache.catalina.loader.WebappClassLoaderBase.clearReferencesThreads The web application [ROOT] appears to have started a thread named [mysql-cj-abandoned-connection-cleanup] but has failed to stop it. This is very likely to create a memory leak. Stack trace of thread:
 java.lang.Object.wait(Native Method)
 java.lang.ref.ReferenceQueue.remove(ReferenceQueue.java:144)
 com.mysql.cj.jdbc.AbandonedConnectionCleanupThread.run(AbandonedConnectionCleanupThread.java:91)
 java.util.concurrent.ThreadPoolExecutor.runWorker(ThreadPoolExecutor.java:1149)
 java.util.concurrent.ThreadPoolExecutor$Worker.run(ThreadPoolExecutor.java:624)
 java.lang.Thread.run(Thread.java:748)
25-Jan-2021 11:15:38.595 INFORMACIÓN [http-nio-8084-exec-49] org.apache.catalina.startup.HostConfig.undeploy Repliegue (undeploy) de la aplicación web que tiene como trayectoria de contexto []
25-Jan-2021 11:15:38.644 INFORMACIÓN [http-nio-8084-exec-51] org.apache.catalina.startup.HostConfig.deployDescriptor Desplieque del descriptor de configuración [D:\Usuarios\alvar\Documents\GitHub\Ingenieros_al_Peso\IngenierosAlPeso\apache-tomcat-9.0.41\conf\Catalina\localhost\ROOT.xml]
25-Jan-2021 11:15:38.645 ADVERTENCIA [http-nio-8084-exec-51] org.apache.catalina.startup.HostConfig.deployDescriptor The path attribute with value [] in deployment descriptor [D:\Usuarios\alvar\Documents\GitHub\Ingenieros_al_Peso\IngenierosAlPeso\apache-tomcat-9.0.41\conf\Catalina\localhost\ROOT.xml] has been ignored
25-Jan-2021 11:15:39.548 INFORMACIÓN [http-nio-8084-exec-51] org.apache.jasper.servlet.TldScanner.scanJars Al menos un JAR, que se ha explorado buscando TLDs, aún no contenía TLDs. Activar historial de depuración para este historiador para una completa lista de los JARs que fueron explorados y de los que nos se halló TLDs. Saltarse JARs no necesarios durante la exploración puede dar lugar a una mejora de tiempo significativa en el arranque y compilación de JSP .
25-Jan-2021 11:15:39.561 INFORMACIÓN [http-nio-8084-exec-51] org.apache.catalina.startup.HostConfig.deployDescriptor Deployment of deployment descriptor [D:\Usuarios\alvar\Documents\GitHub\Ingenieros_al_Peso\IngenierosAlPeso\apache-tomcat-9.0.41\conf\Catalina\localhost\ROOT.xml] has finished in [917] ms
25-Jan-2021 11:15:39.564 INFORMACIÓN [http-nio-8084-exec-43] org.apache.catalina.util.LifecycleBase.start The start() method was called on component [StandardEngine[Catalina].StandardHost[localhost].StandardContext[]] after start() had already been called. The second call will be ignored.
25-Jan-2021 11:15:41.597 INFORMACIÓN [mysql-cj-abandoned-connection-cleanup] org.apache.catalina.loader.WebappClassLoaderBase.checkStateForResourceLoading Acceso ilegal: esta instancia de aplicación web ya ha sido parada.  Could not load [].  La eventual traza de pila que sigue ha sido motivada por un error lanzado con motivos de depuración así como para intentar terminar el hilo que motivó el acceso ilegal y no tiene impacto funcional.
	java.lang.IllegalStateException: Acceso ilegal: esta instancia de aplicación web ya ha sido parada.  Could not load [].  La eventual traza de pila que sigue ha sido motivada por un error lanzado con motivos de depuración así como para intentar terminar el hilo que motivó el acceso ilegal y no tiene impacto funcional.
		at org.apache.catalina.loader.WebappClassLoaderBase.checkStateForResourceLoading(WebappClassLoaderBase.java:1385)
		at org.apache.catalina.loader.WebappClassLoaderBase.getResource(WebappClassLoaderBase.java:1038)
		at com.mysql.cj.jdbc.AbandonedConnectionCleanupThread.checkThreadContextClassLoader(AbandonedConnectionCleanupThread.java:123)
		at com.mysql.cj.jdbc.AbandonedConnectionCleanupThread.run(AbandonedConnectionCleanupThread.java:90)
		at java.util.concurrent.ThreadPoolExecutor.runWorker(ThreadPoolExecutor.java:1149)
		at java.util.concurrent.ThreadPoolExecutor$Worker.run(ThreadPoolExecutor.java:624)
		at java.lang.Thread.run(Thread.java:748)
25-Jan-2021 11:23:12.024 ADVERTENCIA [http-nio-8084-exec-59] org.apache.catalina.loader.WebappClassLoaderBase.clearReferencesJdbc La aplicación web [ROOT] registró el conductor JDBC [com.mysql.cj.jdbc.Driver] pero falló al anular el registro mientras la aplicación web estaba parada. Para prevenir un fallo de memoria, se ha anulado el registro del conductor JDBC por la fuerza.
25-Jan-2021 11:23:12.025 ADVERTENCIA [http-nio-8084-exec-59] org.apache.catalina.loader.WebappClassLoaderBase.clearReferencesThreads The web application [ROOT] appears to have started a thread named [mysql-cj-abandoned-connection-cleanup] but has failed to stop it. This is very likely to create a memory leak. Stack trace of thread:
 java.lang.Object.wait(Native Method)
 java.lang.ref.ReferenceQueue.remove(ReferenceQueue.java:144)
 com.mysql.cj.jdbc.AbandonedConnectionCleanupThread.run(AbandonedConnectionCleanupThread.java:91)
 java.util.concurrent.ThreadPoolExecutor.runWorker(ThreadPoolExecutor.java:1149)
 java.util.concurrent.ThreadPoolExecutor$Worker.run(ThreadPoolExecutor.java:624)
 java.lang.Thread.run(Thread.java:748)
25-Jan-2021 11:23:12.528 INFORMACIÓN [http-nio-8084-exec-59] org.apache.catalina.startup.HostConfig.undeploy Repliegue (undeploy) de la aplicación web que tiene como trayectoria de contexto []
25-Jan-2021 11:23:12.567 INFORMACIÓN [http-nio-8084-exec-61] org.apache.catalina.startup.HostConfig.deployDescriptor Desplieque del descriptor de configuración [D:\Usuarios\alvar\Documents\GitHub\Ingenieros_al_Peso\IngenierosAlPeso\apache-tomcat-9.0.41\conf\Catalina\localhost\ROOT.xml]
25-Jan-2021 11:23:12.568 ADVERTENCIA [http-nio-8084-exec-61] org.apache.catalina.startup.HostConfig.deployDescriptor The path attribute with value [] in deployment descriptor [D:\Usuarios\alvar\Documents\GitHub\Ingenieros_al_Peso\IngenierosAlPeso\apache-tomcat-9.0.41\conf\Catalina\localhost\ROOT.xml] has been ignored
25-Jan-2021 11:23:13.429 INFORMACIÓN [http-nio-8084-exec-61] org.apache.jasper.servlet.TldScanner.scanJars Al menos un JAR, que se ha explorado buscando TLDs, aún no contenía TLDs. Activar historial de depuración para este historiador para una completa lista de los JARs que fueron explorados y de los que nos se halló TLDs. Saltarse JARs no necesarios durante la exploración puede dar lugar a una mejora de tiempo significativa en el arranque y compilación de JSP .
25-Jan-2021 11:23:13.441 INFORMACIÓN [http-nio-8084-exec-61] org.apache.catalina.startup.HostConfig.deployDescriptor Deployment of deployment descriptor [D:\Usuarios\alvar\Documents\GitHub\Ingenieros_al_Peso\IngenierosAlPeso\apache-tomcat-9.0.41\conf\Catalina\localhost\ROOT.xml] has finished in [874] ms
25-Jan-2021 11:23:13.445 INFORMACIÓN [http-nio-8084-exec-57] org.apache.catalina.util.LifecycleBase.start The start() method was called on component [StandardEngine[Catalina].StandardHost[localhost].StandardContext[]] after start() had already been called. The second call will be ignored.
25-Jan-2021 11:23:14.185 INFORMACIÓN [mysql-cj-abandoned-connection-cleanup] org.apache.catalina.loader.WebappClassLoaderBase.checkStateForResourceLoading Acceso ilegal: esta instancia de aplicación web ya ha sido parada.  Could not load [].  La eventual traza de pila que sigue ha sido motivada por un error lanzado con motivos de depuración así como para intentar terminar el hilo que motivó el acceso ilegal y no tiene impacto funcional.
	java.lang.IllegalStateException: Acceso ilegal: esta instancia de aplicación web ya ha sido parada.  Could not load [].  La eventual traza de pila que sigue ha sido motivada por un error lanzado con motivos de depuración así como para intentar terminar el hilo que motivó el acceso ilegal y no tiene impacto funcional.
		at org.apache.catalina.loader.WebappClassLoaderBase.checkStateForResourceLoading(WebappClassLoaderBase.java:1385)
		at org.apache.catalina.loader.WebappClassLoaderBase.getResource(WebappClassLoaderBase.java:1038)
		at com.mysql.cj.jdbc.AbandonedConnectionCleanupThread.checkThreadContextClassLoader(AbandonedConnectionCleanupThread.java:123)
		at com.mysql.cj.jdbc.AbandonedConnectionCleanupThread.run(AbandonedConnectionCleanupThread.java:90)
		at java.util.concurrent.ThreadPoolExecutor.runWorker(ThreadPoolExecutor.java:1149)
		at java.util.concurrent.ThreadPoolExecutor$Worker.run(ThreadPoolExecutor.java:624)
		at java.lang.Thread.run(Thread.java:748)
25-Jan-2021 11:39:23.872 ADVERTENCIA [http-nio-8084-exec-66] org.apache.catalina.loader.WebappClassLoaderBase.clearReferencesJdbc La aplicación web [ROOT] registró el conductor JDBC [com.mysql.cj.jdbc.Driver] pero falló al anular el registro mientras la aplicación web estaba parada. Para prevenir un fallo de memoria, se ha anulado el registro del conductor JDBC por la fuerza.
25-Jan-2021 11:39:23.873 ADVERTENCIA [http-nio-8084-exec-66] org.apache.catalina.loader.WebappClassLoaderBase.clearReferencesThreads The web application [ROOT] appears to have started a thread named [mysql-cj-abandoned-connection-cleanup] but has failed to stop it. This is very likely to create a memory leak. Stack trace of thread:
 java.lang.Object.wait(Native Method)
 java.lang.ref.ReferenceQueue.remove(ReferenceQueue.java:144)
 com.mysql.cj.jdbc.AbandonedConnectionCleanupThread.run(AbandonedConnectionCleanupThread.java:91)
 java.util.concurrent.ThreadPoolExecutor.runWorker(ThreadPoolExecutor.java:1149)
 java.util.concurrent.ThreadPoolExecutor$Worker.run(ThreadPoolExecutor.java:624)
 java.lang.Thread.run(Thread.java:748)
25-Jan-2021 11:39:24.375 INFORMACIÓN [http-nio-8084-exec-66] org.apache.catalina.startup.HostConfig.undeploy Repliegue (undeploy) de la aplicación web que tiene como trayectoria de contexto []
25-Jan-2021 11:39:24.417 INFORMACIÓN [http-nio-8084-exec-71] org.apache.catalina.startup.HostConfig.deployDescriptor Desplieque del descriptor de configuración [D:\Usuarios\alvar\Documents\GitHub\Ingenieros_al_Peso\IngenierosAlPeso\apache-tomcat-9.0.41\conf\Catalina\localhost\ROOT.xml]
25-Jan-2021 11:39:24.418 ADVERTENCIA [http-nio-8084-exec-71] org.apache.catalina.startup.HostConfig.deployDescriptor The path attribute with value [] in deployment descriptor [D:\Usuarios\alvar\Documents\GitHub\Ingenieros_al_Peso\IngenierosAlPeso\apache-tomcat-9.0.41\conf\Catalina\localhost\ROOT.xml] has been ignored
25-Jan-2021 11:39:25.270 INFORMACIÓN [http-nio-8084-exec-71] org.apache.jasper.servlet.TldScanner.scanJars Al menos un JAR, que se ha explorado buscando TLDs, aún no contenía TLDs. Activar historial de depuración para este historiador para una completa lista de los JARs que fueron explorados y de los que nos se halló TLDs. Saltarse JARs no necesarios durante la exploración puede dar lugar a una mejora de tiempo significativa en el arranque y compilación de JSP .
25-Jan-2021 11:39:25.283 INFORMACIÓN [http-nio-8084-exec-71] org.apache.catalina.startup.HostConfig.deployDescriptor Deployment of deployment descriptor [D:\Usuarios\alvar\Documents\GitHub\Ingenieros_al_Peso\IngenierosAlPeso\apache-tomcat-9.0.41\conf\Catalina\localhost\ROOT.xml] has finished in [866] ms
25-Jan-2021 11:39:25.286 INFORMACIÓN [http-nio-8084-exec-69] org.apache.catalina.util.LifecycleBase.start The start() method was called on component [StandardEngine[Catalina].StandardHost[localhost].StandardContext[]] after start() had already been called. The second call will be ignored.
25-Jan-2021 11:39:28.241 INFORMACIÓN [mysql-cj-abandoned-connection-cleanup] org.apache.catalina.loader.WebappClassLoaderBase.checkStateForResourceLoading Acceso ilegal: esta instancia de aplicación web ya ha sido parada.  Could not load [].  La eventual traza de pila que sigue ha sido motivada por un error lanzado con motivos de depuración así como para intentar terminar el hilo que motivó el acceso ilegal y no tiene impacto funcional.
	java.lang.IllegalStateException: Acceso ilegal: esta instancia de aplicación web ya ha sido parada.  Could not load [].  La eventual traza de pila que sigue ha sido motivada por un error lanzado con motivos de depuración así como para intentar terminar el hilo que motivó el acceso ilegal y no tiene impacto funcional.
		at org.apache.catalina.loader.WebappClassLoaderBase.checkStateForResourceLoading(WebappClassLoaderBase.java:1385)
		at org.apache.catalina.loader.WebappClassLoaderBase.getResource(WebappClassLoaderBase.java:1038)
		at com.mysql.cj.jdbc.AbandonedConnectionCleanupThread.checkThreadContextClassLoader(AbandonedConnectionCleanupThread.java:123)
		at com.mysql.cj.jdbc.AbandonedConnectionCleanupThread.run(AbandonedConnectionCleanupThread.java:90)
		at java.util.concurrent.ThreadPoolExecutor.runWorker(ThreadPoolExecutor.java:1149)
		at java.util.concurrent.ThreadPoolExecutor$Worker.run(ThreadPoolExecutor.java:624)
		at java.lang.Thread.run(Thread.java:748)
25-Jan-2021 11:42:04.532 ADVERTENCIA [http-nio-8084-exec-74] org.apache.catalina.loader.WebappClassLoaderBase.clearReferencesJdbc La aplicación web [ROOT] registró el conductor JDBC [com.mysql.cj.jdbc.Driver] pero falló al anular el registro mientras la aplicación web estaba parada. Para prevenir un fallo de memoria, se ha anulado el registro del conductor JDBC por la fuerza.
25-Jan-2021 11:42:04.532 ADVERTENCIA [http-nio-8084-exec-74] org.apache.catalina.loader.WebappClassLoaderBase.clearReferencesThreads The web application [ROOT] appears to have started a thread named [mysql-cj-abandoned-connection-cleanup] but has failed to stop it. This is very likely to create a memory leak. Stack trace of thread:
 java.lang.Object.wait(Native Method)
 java.lang.ref.ReferenceQueue.remove(ReferenceQueue.java:144)
 com.mysql.cj.jdbc.AbandonedConnectionCleanupThread.run(AbandonedConnectionCleanupThread.java:91)
 java.util.concurrent.ThreadPoolExecutor.runWorker(ThreadPoolExecutor.java:1149)
 java.util.concurrent.ThreadPoolExecutor$Worker.run(ThreadPoolExecutor.java:624)
 java.lang.Thread.run(Thread.java:748)
25-Jan-2021 11:42:05.034 INFORMACIÓN [http-nio-8084-exec-74] org.apache.catalina.startup.HostConfig.undeploy Repliegue (undeploy) de la aplicación web que tiene como trayectoria de contexto []
25-Jan-2021 11:42:05.069 INFORMACIÓN [http-nio-8084-exec-77] org.apache.catalina.startup.HostConfig.deployDescriptor Desplieque del descriptor de configuración [D:\Usuarios\alvar\Documents\GitHub\Ingenieros_al_Peso\IngenierosAlPeso\apache-tomcat-9.0.41\conf\Catalina\localhost\ROOT.xml]
25-Jan-2021 11:42:05.070 ADVERTENCIA [http-nio-8084-exec-77] org.apache.catalina.startup.HostConfig.deployDescriptor The path attribute with value [] in deployment descriptor [D:\Usuarios\alvar\Documents\GitHub\Ingenieros_al_Peso\IngenierosAlPeso\apache-tomcat-9.0.41\conf\Catalina\localhost\ROOT.xml] has been ignored
25-Jan-2021 11:42:05.917 INFORMACIÓN [http-nio-8084-exec-77] org.apache.jasper.servlet.TldScanner.scanJars Al menos un JAR, que se ha explorado buscando TLDs, aún no contenía TLDs. Activar historial de depuración para este historiador para una completa lista de los JARs que fueron explorados y de los que nos se halló TLDs. Saltarse JARs no necesarios durante la exploración puede dar lugar a una mejora de tiempo significativa en el arranque y compilación de JSP .
25-Jan-2021 11:42:05.930 INFORMACIÓN [http-nio-8084-exec-77] org.apache.catalina.startup.HostConfig.deployDescriptor Deployment of deployment descriptor [D:\Usuarios\alvar\Documents\GitHub\Ingenieros_al_Peso\IngenierosAlPeso\apache-tomcat-9.0.41\conf\Catalina\localhost\ROOT.xml] has finished in [861] ms
25-Jan-2021 11:42:05.934 INFORMACIÓN [http-nio-8084-exec-73] org.apache.catalina.util.LifecycleBase.start The start() method was called on component [StandardEngine[Catalina].StandardHost[localhost].StandardContext[]] after start() had already been called. The second call will be ignored.
