25-Jan-2021 10:02:26.519 INFORMACIÓN [http-nio-8084-exec-4] org.apache.catalina.core.ApplicationContext.log Manager: init: Associated with Deployer 'Catalina:type=Deployer,host=localhost'
25-Jan-2021 10:02:26.519 INFORMACIÓN [http-nio-8084-exec-4] org.apache.catalina.core.ApplicationContext.log Manager: init: Global resources are available
25-Jan-2021 10:02:26.552 INFORMACIÓN [http-nio-8084-exec-6] org.apache.catalina.core.ApplicationContext.log Manager: list: Listing contexts for virtual host 'localhost'
25-Jan-2021 10:02:26.563 INFORMACIÓN [http-nio-8084-exec-7] org.apache.catalina.core.ApplicationContext.log Manager: undeploy: Undeploying web application at '/'
25-Jan-2021 10:02:27.402 INFORMACIÓN [http-nio-8084-exec-9] org.apache.catalina.core.ApplicationContext.log Manager: install: Installing context configuration at 'file:/C:/Users/alvar/AppData/Local/Temp/context1720347926692563731.xml'
25-Jan-2021 10:02:28.617 INFORMACIÓN [http-nio-8084-exec-2] org.apache.catalina.core.ApplicationContext.log Manager: start: Starting web application '/'
25-Jan-2021 10:03:06.597 INFORMACIÓN [http-nio-8084-exec-16] org.apache.catalina.core.ApplicationContext.log Manager: list: Listing contexts for virtual host 'localhost'
25-Jan-2021 10:03:06.629 INFORMACIÓN [http-nio-8084-exec-17] org.apache.catalina.core.ApplicationContext.log Manager: undeploy: Undeploying web application at '/'
25-Jan-2021 10:03:07.158 INFORMACIÓN [http-nio-8084-exec-3] org.apache.catalina.core.ApplicationContext.log Manager: install: Installing context configuration at 'file:/C:/Users/alvar/AppData/Local/Temp/context2374694612872852453.xml'
25-Jan-2021 10:03:08.379 INFORMACIÓN [http-nio-8084-exec-10] org.apache.catalina.core.ApplicationContext.log Manager: list: Listing contexts for virtual host 'localhost'
25-Jan-2021 10:03:08.382 INFORMACIÓN [http-nio-8084-exec-16] org.apache.catalina.core.ApplicationContext.log Manager: list: Listing contexts for virtual host 'localhost'
25-Jan-2021 10:03:08.395 INFORMACIÓN [http-nio-8084-exec-13] org.apache.catalina.core.ApplicationContext.log Manager: undeploy: Undeploying web application at '/'
25-Jan-2021 10:03:08.944 INFORMACIÓN [http-nio-8084-exec-10] org.apache.catalina.core.ApplicationContext.log Manager: install: Installing context configuration at 'file:/C:/Users/alvar/AppData/Local/Temp/context2945679122576821869.xml'
25-Jan-2021 10:03:09.881 INFORMACIÓN [http-nio-8084-exec-12] org.apache.catalina.core.ApplicationContext.log Manager: start: Starting web application '/'
25-Jan-2021 10:03:52.422 INFORMACIÓN [http-nio-8084-exec-1] org.apache.catalina.core.ApplicationContext.log Manager: list: Listing contexts for virtual host 'localhost'
25-Jan-2021 10:03:52.424 INFORMACIÓN [http-nio-8084-exec-16] org.apache.catalina.core.ApplicationContext.log Manager: list: Listing contexts for virtual host 'localhost'
25-Jan-2021 10:03:52.436 INFORMACIÓN [http-nio-8084-exec-11] org.apache.catalina.core.ApplicationContext.log Manager: undeploy: Undeploying web application at '/'
25-Jan-2021 10:03:52.973 INFORMACIÓN [http-nio-8084-exec-12] org.apache.catalina.core.ApplicationContext.log Manager: install: Installing context configuration at 'file:/C:/Users/alvar/AppData/Local/Temp/context2946035124194931557.xml'
25-Jan-2021 10:03:53.843 INFORMACIÓN [http-nio-8084-exec-20] org.apache.catalina.core.ApplicationContext.log Manager: start: Starting web application '/'
25-Jan-2021 10:04:07.354 INFORMACIÓN [http-nio-8084-exec-19] org.apache.catalina.core.ApplicationContext.log Manager: list: Listing contexts for virtual host 'localhost'
25-Jan-2021 10:04:07.356 INFORMACIÓN [http-nio-8084-exec-16] org.apache.catalina.core.ApplicationContext.log Manager: list: Listing contexts for virtual host 'localhost'
25-Jan-2021 10:04:07.365 INFORMACIÓN [http-nio-8084-exec-1] org.apache.catalina.core.ApplicationContext.log Manager: undeploy: Undeploying web application at '/'
25-Jan-2021 10:04:07.901 INFORMACIÓN [http-nio-8084-exec-16] org.apache.catalina.core.ApplicationContext.log Manager: install: Installing context configuration at 'file:/C:/Users/alvar/AppData/Local/Temp/context4629582042721338319.xml'
25-Jan-2021 10:04:08.737 INFORMACIÓN [http-nio-8084-exec-11] org.apache.catalina.core.ApplicationContext.log Manager: start: Starting web application '/'
25-Jan-2021 10:08:56.839 INFORMACIÓN [http-nio-8084-exec-31] org.apache.catalina.core.ApplicationContext.log Manager: list: Listing contexts for virtual host 'localhost'
25-Jan-2021 10:08:56.846 INFORMACIÓN [http-nio-8084-exec-22] org.apache.catalina.core.ApplicationContext.log Manager: undeploy: Undeploying web application at '/'
25-Jan-2021 10:10:28.939 INFORMACIÓN [http-nio-8084-exec-35] org.apache.catalina.core.ApplicationContext.log Manager: list: Listing contexts for virtual host 'localhost'
25-Jan-2021 10:10:28.941 INFORMACIÓN [http-nio-8084-exec-30] org.apache.catalina.core.ApplicationContext.log Manager: list: Listing contexts for virtual host 'localhost'
25-Jan-2021 10:10:28.973 INFORMACIÓN [http-nio-8084-exec-19] org.apache.catalina.core.ApplicationContext.log Manager: install: Installing context configuration at 'file:/C:/Users/alvar/AppData/Local/Temp/context7789057998034590126.xml'
25-Jan-2021 10:10:29.834 INFORMACIÓN [http-nio-8084-exec-28] org.apache.catalina.core.ApplicationContext.log Manager: start: Starting web application '/'
25-Jan-2021 10:33:05.755 INFORMACIÓN [http-nio-8084-exec-41] org.apache.catalina.core.ApplicationContext.log Manager: list: Listing contexts for virtual host 'localhost'
25-Jan-2021 10:33:05.757 INFORMACIÓN [http-nio-8084-exec-37] org.apache.catalina.core.ApplicationContext.log Manager: list: Listing contexts for virtual host 'localhost'
25-Jan-2021 10:33:05.766 INFORMACIÓN [http-nio-8084-exec-34] org.apache.catalina.core.ApplicationContext.log Manager: undeploy: Undeploying web application at '/'
25-Jan-2021 10:33:06.316 INFORMACIÓN [http-nio-8084-exec-39] org.apache.catalina.core.ApplicationContext.log Manager: install: Installing context configuration at 'file:/C:/Users/alvar/AppData/Local/Temp/context5115274455833239998.xml'
25-Jan-2021 10:33:07.196 INFORMACIÓN [http-nio-8084-exec-33] org.apache.catalina.core.ApplicationContext.log Manager: start: Starting web application '/'
25-Jan-2021 11:15:38.075 INFORMACIÓN [http-nio-8084-exec-48] org.apache.catalina.core.ApplicationContext.log Manager: list: Listing contexts for virtual host 'localhost'
25-Jan-2021 11:15:38.077 INFORMACIÓN [http-nio-8084-exec-42] org.apache.catalina.core.ApplicationContext.log Manager: list: Listing contexts for virtual host 'localhost'
25-Jan-2021 11:15:38.088 INFORMACIÓN [http-nio-8084-exec-49] org.apache.catalina.core.ApplicationContext.log Manager: undeploy: Undeploying web application at '/'
25-Jan-2021 11:15:38.642 INFORMACIÓN [http-nio-8084-exec-51] org.apache.catalina.core.ApplicationContext.log Manager: install: Installing context configuration at 'file:/C:/Users/alvar/AppData/Local/Temp/context2561071524148742762.xml'
25-Jan-2021 11:15:39.564 INFORMACIÓN [http-nio-8084-exec-43] org.apache.catalina.core.ApplicationContext.log Manager: start: Starting web application '/'
25-Jan-2021 11:23:12.006 INFORMACIÓN [http-nio-8084-exec-52] org.apache.catalina.core.ApplicationContext.log Manager: list: Listing contexts for virtual host 'localhost'
25-Jan-2021 11:23:12.009 INFORMACIÓN [http-nio-8084-exec-54] org.apache.catalina.core.ApplicationContext.log Manager: list: Listing contexts for virtual host 'localhost'
25-Jan-2021 11:23:12.019 INFORMACIÓN [http-nio-8084-exec-59] org.apache.catalina.core.ApplicationContext.log Manager: undeploy: Undeploying web application at '/'
25-Jan-2021 11:23:12.566 INFORMACIÓN [http-nio-8084-exec-61] org.apache.catalina.core.ApplicationContext.log Manager: install: Installing context configuration at 'file:/C:/Users/alvar/AppData/Local/Temp/context691010391400020144.xml'
25-Jan-2021 11:23:13.444 INFORMACIÓN [http-nio-8084-exec-57] org.apache.catalina.core.ApplicationContext.log Manager: start: Starting web application '/'
25-Jan-2021 11:39:21.089 INFORMACIÓN [http-nio-8084-exec-66] org.apache.catalina.core.ApplicationContext.log Manager: list: Listing contexts for virtual host 'localhost'
25-Jan-2021 11:39:23.856 INFORMACIÓN [http-nio-8084-exec-63] org.apache.catalina.core.ApplicationContext.log Manager: list: Listing contexts for virtual host 'localhost'
25-Jan-2021 11:39:23.858 INFORMACIÓN [http-nio-8084-exec-64] org.apache.catalina.core.ApplicationContext.log Manager: list: Listing contexts for virtual host 'localhost'
25-Jan-2021 11:39:23.868 INFORMACIÓN [http-nio-8084-exec-66] org.apache.catalina.core.ApplicationContext.log Manager: undeploy: Undeploying web application at '/'
25-Jan-2021 11:39:24.416 INFORMACIÓN [http-nio-8084-exec-71] org.apache.catalina.core.ApplicationContext.log Manager: install: Installing context configuration at 'file:/C:/Users/alvar/AppData/Local/Temp/context915589814314326962.xml'
25-Jan-2021 11:39:25.286 INFORMACIÓN [http-nio-8084-exec-69] org.apache.catalina.core.ApplicationContext.log Manager: start: Starting web application '/'
25-Jan-2021 11:41:18.222 INFORMACIÓN [http-nio-8084-exec-81] org.apache.catalina.core.ApplicationContext.log Manager: list: Listing contexts for virtual host 'localhost'
25-Jan-2021 11:42:04.518 INFORMACIÓN [http-nio-8084-exec-73] org.apache.catalina.core.ApplicationContext.log Manager: list: Listing contexts for virtual host 'localhost'
25-Jan-2021 11:42:04.519 INFORMACIÓN [http-nio-8084-exec-80] org.apache.catalina.core.ApplicationContext.log Manager: list: Listing contexts for virtual host 'localhost'
25-Jan-2021 11:42:04.528 INFORMACIÓN [http-nio-8084-exec-74] org.apache.catalina.core.ApplicationContext.log Manager: undeploy: Undeploying web application at '/'
25-Jan-2021 11:42:05.067 INFORMACIÓN [http-nio-8084-exec-77] org.apache.catalina.core.ApplicationContext.log Manager: install: Installing context configuration at 'file:/C:/Users/alvar/AppData/Local/Temp/context7385207507370839417.xml'
25-Jan-2021 11:42:05.933 INFORMACIÓN [http-nio-8084-exec-73] org.apache.catalina.core.ApplicationContext.log Manager: start: Starting web application '/'
